<?xml version="1.0" encoding="UTF-8"?>
<!-- Generated by org.testng.reporters.JUnitReportReporter -->
<testsuite hostname="Pratik" failures="0" tests="1" name="SDET201_Assignment_5.scroll" time="8.190" errors="0" timestamp="2024-07-07T12:53:47 IST" skipped="0">
  <testcase classname="SDET201_Assignment_5.scroll" name="task" time="8.190"/>
  <system-out/>
</testsuite> <!-- SDET201_Assignment_5.scroll -->
